Start testing: Jun 13 05:52 GTB Daylight Time
----------------------------------------------------------
1/2 Testing: rich_text_model_test
1/2 Test: rich_text_model_test
Command: "C:/Users/menac/Desktop/obs-titles-plugin/OBS-Graphics-Studio-Pro/build/Release/rich_text_model_test.exe"
Directory: C:/Users/menac/Desktop/obs-titles-plugin/OBS-Graphics-Studio-Pro/build
"rich_text_model_test" start time: Jun 13 05:52 GTB Daylight Time
Output:
----------------------------------------------------------
rich text model transactions, mixed styles, gradients, property replacement, serialization-copy reload, and undo/redo snapshots passed
<end of output>
Test time =   0.02 sec
----------------------------------------------------------
Test Passed.
"rich_text_model_test" end time: Jun 13 05:52 GTB Daylight Time
"rich_text_model_test" time elapsed: 00:00:00
----------------------------------------------------------

2/2 Testing: animation_model_test
2/2 Test: animation_model_test
Command: "C:/Users/menac/Desktop/obs-titles-plugin/OBS-Graphics-Studio-Pro/build/Release/animation_model_test.exe"
Directory: C:/Users/menac/Desktop/obs-titles-plugin/OBS-Graphics-Studio-Pro/build
"animation_model_test" start time: Jun 13 05:52 GTB Daylight Time
Output:
----------------------------------------------------------
animation model static, linear, hold, boundary, and eased interpolation passed
<end of output>
Test time =   0.02 sec
----------------------------------------------------------
Test Passed.
"animation_model_test" end time: Jun 13 05:52 GTB Daylight Time
"animation_model_test" time elapsed: 00:00:00
----------------------------------------------------------

End testing: Jun 13 05:52 GTB Daylight Time
